ComboID: a0215MP080, RiduttoreID: 20200316083335
Number of pressate for combo: 6
Deltas: [9, 13, 386, 9, 11]

ComboID: a0215MP080, RiduttoreID: 20200326101353
Number of pressate for combo: 6
Deltas: [8, 10, 892, 8, 9]

ComboID: a0215MP080, RiduttoreID: 20200326102345
Number of pressate for combo: 4
Deltas: [10, 74, 66]

ComboID: p0004MP105, RiduttoreID: 20200318145750
Number of pressate for combo: 6
Deltas: [9, 18, 23, 16, 9]

ComboID: p0004MP105, RiduttoreID: 20200318154748
Number of pressate for combo: 22
Deltas: [72, 13, 99, 53, 600, 85, 43, 18, 13, 111, 309, 15, 18, 10, 9, 352, 9, 14, 16, 12, 8]

ComboID: p0004MP105, RiduttoreID: 20200318163438
Number of pressate for combo: 6
Deltas: [28, 15, 16, 11, 9]

ComboID: p0004MP105, RiduttoreID: 20200318163627
Number of pressate for combo: 6
Deltas: [8, 13, 17, 13, 8]

ComboID: p0004MP105, RiduttoreID: 20200327062640
Number of pressate for combo: 7
Deltas: [128, 12, 15, 34, 18, 19]

ComboID: p0004MP105, RiduttoreID: 20200327062855
Number of pressate for combo: 6
Deltas: [9, 12, 55, 11, 8]

ComboID: p0004MP105, RiduttoreID: 20200327063203
Number of pressate for combo: 6
Deltas: [8, 13, 16, 10, 8]

ComboID: p0004MP105, RiduttoreID: 20200327063626
Number of pressate for combo: 6
Deltas: [24, 37, 50, 29, 23]

ComboID: p0004MP080, RiduttoreID: 20200313112012
Number of pressate for combo: 6
Deltas: [38, 42, 61, 40, 41]

ComboID: p0004MP080, RiduttoreID: 20200313115035
Number of pressate for combo: 6
Deltas: [8, 11, 13, 9, 7]

ComboID: p0004MP080, RiduttoreID: 20200313133431
Number of pressate for combo: 6
Deltas: [28, 29, 48, 36, 28]

ComboID: p0004MP080, RiduttoreID: 20200313143240
Number of pressate for combo: 6
Deltas: [8, 13, 13, 10, 8]

ComboID: p0004MP080, RiduttoreID: 20200313143402
Number of pressate for combo: 6
Deltas: [7, 12, 11, 10, 7]

ComboID: p0004MP080, RiduttoreID: 20200316083335
Number of pressate for combo: 6
Deltas: [7, 12, 12, 9, 7]

ComboID: p0004MP080, RiduttoreID: 20200316083522
Number of pressate for combo: 6
Deltas: [8, 11, 14, 9, 7]

ComboID: p0004MP080, RiduttoreID: 20200316083725
Number of pressate for combo: 6
Deltas: [7, 11, 12, 9, 7]

ComboID: p0004MP080, RiduttoreID: 20200316090431
Number of pressate for combo: 6
Deltas: [7, 12, 12, 9, 7]

ComboID: p0004MP080, RiduttoreID: 20200316091105
Number of pressate for combo: 6
Deltas: [7, 11, 11, 9, 7]

ComboID: p0004MP080, RiduttoreID: 20200316100407
Number of pressate for combo: 5
Deltas: [11, 13, 9, 7]

ComboID: p0004MP080, RiduttoreID: 20200316101140
Number of pressate for combo: 6
Deltas: [7, 11, 12, 9, 6]

ComboID: p0004MP080, RiduttoreID: 20200316102751
Number of pressate for combo: 6
Deltas: [7, 11, 13, 9, 7]

ComboID: p0004MP080, RiduttoreID: 20200316112226
Number of pressate for combo: 5
Deltas: [7, 11, 13, 16]

ComboID: p0004MP080, RiduttoreID: 20200316115040
Number of pressate for combo: 6
Deltas: [8, 9, 12, 9, 8]

ComboID: p0004MP080, RiduttoreID: 20200316121801
Number of pressate for combo: 6
Deltas: [7, 11, 12, 9, 7]

ComboID: p0004MP080, RiduttoreID: 20200316150504
Number of pressate for combo: 8
Deltas: [8, 42, 19, 12, 9, 115, 55]

ComboID: p0004MP080, RiduttoreID: 20200316150751
Number of pressate for combo: 6
Deltas: [8, 12, 14, 10, 8]

ComboID: p0004MP080, RiduttoreID: 20200316152231
Number of pressate for combo: 6
Deltas: [8, 13, 13, 10, 7]

ComboID: p0004MP080, RiduttoreID: 20200316152417
Number of pressate for combo: 6
Deltas: [7, 13, 13, 10, 7]

ComboID: p0004MP080, RiduttoreID: 20200316152603
Number of pressate for combo: 6
Deltas: [7, 12, 13, 11, 7]

ComboID: p0004MP080, RiduttoreID: 20200316152739
Number of pressate for combo: 6
Deltas: [7, 12, 73, 8, 7]

ComboID: p0004MP080, RiduttoreID: 20200316153007
Number of pressate for combo: 6
Deltas: [7, 11, 13, 9, 7]

ComboID: p0004MP080, RiduttoreID: 20200316153210
Number of pressate for combo: 6
Deltas: [7, 13, 12, 9, 7]

ComboID: p0004MP080, RiduttoreID: 20200316155242
Number of pressate for combo: 7
Deltas: [8, 11, 13, 9, 49, 13]

ComboID: p0004MP080, RiduttoreID: 20200316160241
Number of pressate for combo: 6
Deltas: [7, 11, 14, 9, 7]

ComboID: p0004MP080, RiduttoreID: 20200316161615
Number of pressate for combo: 42
Deltas: [8, 12, 12, 9, 7, 959, 7, 11, 13, 10, 7, 1111, 7, 12, 11, 10, 7, 68, 8, 12, 12, 10, 7, 499, 8, 11, 13, 8, 7, 68, 7, 12, 13, 9, 6, 68, 7, 12, 12, 10, 7]

ComboID: p0004MP080, RiduttoreID: 20200316165913
Number of pressate for combo: 6
Deltas: [7, 11, 12, 9, 7]

ComboID: p0004MP080, RiduttoreID: 20200316170313
Number of pressate for combo: 6
Deltas: [7, 12, 13, 9, 8]

ComboID: p0004MP080, RiduttoreID: 20200316171441
Number of pressate for combo: 6
Deltas: [7, 12, 13, 10, 7]

ComboID: p0004MP080, RiduttoreID: 20200325103404
Number of pressate for combo: 6
Deltas: [8, 14, 16, 11, 7]

ComboID: p0004MP080, RiduttoreID: 20200325135404
Number of pressate for combo: 6
Deltas: [7, 12, 14, 10, 6]

ComboID: p0004MP080, RiduttoreID: 20200325135633
Number of pressate for combo: 6
Deltas: [8, 11, 13, 10, 8]

ComboID: p0004MP080, RiduttoreID: 20200325135848
Number of pressate for combo: 6
Deltas: [8, 11, 13, 9, 7]

ComboID: p0004MP080, RiduttoreID: 20200325140051
Number of pressate for combo: 6
Deltas: [7, 12, 13, 10, 7]

ComboID: p0004MP080, RiduttoreID: 20200325140256
Number of pressate for combo: 6
Deltas: [8, 11, 13, 9, 7]

ComboID: p0004MP080, RiduttoreID: 20200325140441
Number of pressate for combo: 6
Deltas: [7, 11, 12, 9, 8]

ComboID: p0004MP080, RiduttoreID: 20200325141100
Number of pressate for combo: 6
Deltas: [6, 11, 13, 10, 7]

ComboID: p0004MP080, RiduttoreID: 20200325154722
Number of pressate for combo: 6
Deltas: [8, 11, 14, 9, 7]

ComboID: p0004MP080, RiduttoreID: 20200325154910
Number of pressate for combo: 6
Deltas: [7, 11, 12, 9, 7]

ComboID: p0004MP080, RiduttoreID: 20200326094112
Number of pressate for combo: 6
Deltas: [8, 12, 13, 10, 8]

ComboID: p0004MP080, RiduttoreID: 20200326101353
Number of pressate for combo: 6
Deltas: [8, 12, 12, 10, 7]

ComboID: p0004MP080, RiduttoreID: 20200326102029
Number of pressate for combo: 6
Deltas: [8, 12, 14, 10, 7]

ComboID: p0004MP080, RiduttoreID: 20200326102345
Number of pressate for combo: 6
Deltas: [8, 12, 14, 10, 8]

ComboID: a0207MP080, RiduttoreID: 20200316161615
Number of pressate for combo: 7
Deltas: [1589, 60, 100, 1565, 70, 112]

ComboID: p0008MP080, RiduttoreID: 20200316161615
Number of pressate for combo: 6
Deltas: [1649, 101, 1565, 70, 111]

ComboID: p0050MP080, RiduttoreID: 20200316161615
Number of pressate for combo: 7
Deltas: [1005, 1160, 115, 548, 114, 115]

ComboID: p0007MP080, RiduttoreID: 20200316161615
Number of pressate for combo: 6
Deltas: [1589, 59, 102, 1564, 70]

ComboID: a0211MP080, RiduttoreID: 20200316161615
Number of pressate for combo: 7
Deltas: [85, 1392, 130, 101, 85, 85]

ComboID: p0001MP080, RiduttoreID: 20200316161615
Number of pressate for combo: 6
Deltas: [1648, 101, 1563, 71, 113]

ComboID: p0001MP105, RiduttoreID: 20200327062640
Number of pressate for combo: 8
Deltas: [1938, 184, 83, 264, 3071, 614, 164]

ComboID: p0038MP080, RiduttoreID: 20200316161615
Number of pressate for combo: 6
Deltas: [1588, 59, 102, 1564, 70]

